<?xml version="1.0" encoding="UTF-8"?>
<!-- Generated by org.testng.reporters.JUnitReportReporter -->
<testsuite hostname="DESKTOP-7FJDA2N" failures="0" tests="5" name="Testcases.TC_003_LoginDataDrivenTest" time="37.219" errors="0" timestamp="2023-02-22T23:34:20 IST" skipped="0">
  <testcase classname="Testcases.TC_003_LoginDataDrivenTest" name="test_LoginDDT" time="11.120"/>
  <system-out/>
  <testcase classname="Testcases.TC_003_LoginDataDrivenTest" name="test_LoginDDT" time="2.445"/>
  <system-out/>
  <testcase classname="Testcases.TC_003_LoginDataDrivenTest" name="test_LoginDDT" time="11.066"/>
  <system-out/>
  <testcase classname="Testcases.TC_003_LoginDataDrivenTest" name="test_LoginDDT" time="11.004"/>
  <system-out/>
  <testcase classname="Testcases.TC_003_LoginDataDrivenTest" name="test_LoginDDT" time="1.584"/>
  <system-out/>
</testsuite> <!-- Testcases.TC_003_LoginDataDrivenTest -->
