<?xml version="1.0" encoding="UTF-8"?>
<!-- Generated by org.testng.reporters.JUnitReportReporter -->
<testsuite hostname="DESKTOP-7FJDA2N" failures="0" tests="1" name="Testcases.Tc_002_Logintest" time="2.778" errors="0" timestamp="2023-02-21T19:34:11 IST" skipped="0">
  <testcase classname="Testcases.Tc_002_Logintest" name="test_Login" time="2.778"/>
  <system-out/>
</testsuite> <!-- Testcases.Tc_002_Logintest -->
