<?xml version="1.0" encoding="UTF-8"?>
<!-- Generated by org.testng.reporters.JUnitReportReporter -->
<testsuite hostname="DESKTOP-7FJDA2N" failures="0" tests="1" name="Testcases.TC_001AccountRegistrationTest" time="5.218" errors="0" timestamp="2023-02-21T19:31:09 IST" skipped="0">
  <testcase classname="Testcases.TC_001AccountRegistrationTest" name="test_acoount_Registration" time="5.218"/>
  <system-out/>
</testsuite> <!-- Testcases.TC_001AccountRegistrationTest -->
