<?xml version="1.0" encoding="UTF-8"?>
<!-- Generated by org.testng.reporters.JUnitReportReporter -->
<testsuite hostname="DESKTOP-7FJDA2N" failures="0" tests="5" name="Testcases.TC_003_LoginDataDrivenTest" time="39.123" errors="0" timestamp="2023-02-23T20:18:27 IST" skipped="0">
  <testcase classname="Testcases.TC_003_LoginDataDrivenTest" name="test_LoginDDT" time="11.738"/>
  <system-out/>
  <testcase classname="Testcases.TC_003_LoginDataDrivenTest" name="test_LoginDDT" time="11.085"/>
  <system-out/>
  <testcase classname="Testcases.TC_003_LoginDataDrivenTest" name="test_LoginDDT" time="1.862"/>
  <system-out/>
  <testcase classname="Testcases.TC_003_LoginDataDrivenTest" name="test_LoginDDT" time="2.818"/>
  <system-out/>
  <testcase classname="Testcases.TC_003_LoginDataDrivenTest" name="test_LoginDDT" time="11.620"/>
  <system-out/>
</testsuite> <!-- Testcases.TC_003_LoginDataDrivenTest -->
